c:\users\dudit\desktop\mysql-with-cpp-master\x64\debug\vc142.pdb
c:\users\dudit\desktop\mysql-with-cpp-master\x64\debug\vc142.idb
c:\users\dudit\desktop\mysql-with-cpp-master\x64\debug\database.obj
c:\users\dudit\desktop\mysql-with-cpp-master\x64\debug\database-main.obj
c:\users\dudit\desktop\mysql-with-cpp-master\x64\debug\mysql_cpp.ilk
c:\users\dudit\desktop\mysql-with-cpp-master\x64\debug\mycpp.pdb
c:\users\dudit\desktop\mysql-with-cpp-master\x64\debug\mysql_cpp.pdb
c:\users\dudit\desktop\mysql-with-cpp-master\x64\debug\mycpp.tlog\cl.command.1.tlog
c:\users\dudit\desktop\mysql-with-cpp-master\x64\debug\mycpp.tlog\cl.read.1.tlog
c:\users\dudit\desktop\mysql-with-cpp-master\x64\debug\mycpp.tlog\cl.write.1.tlog
c:\users\dudit\desktop\mysql-with-cpp-master\x64\debug\mycpp.tlog\link-cvtres.read.1.tlog
c:\users\dudit\desktop\mysql-with-cpp-master\x64\debug\mycpp.tlog\link-cvtres.write.1.tlog
c:\users\dudit\desktop\mysql-with-cpp-master\x64\debug\mycpp.tlog\link-rc.read.1.tlog
c:\users\dudit\desktop\mysql-with-cpp-master\x64\debug\mycpp.tlog\link-rc.write.1.tlog
c:\users\dudit\desktop\mysql-with-cpp-master\x64\debug\mycpp.tlog\link.14840-cvtres.read.1.tlog
c:\users\dudit\desktop\mysql-with-cpp-master\x64\debug\mycpp.tlog\link.14840-cvtres.write.1.tlog
c:\users\dudit\desktop\mysql-with-cpp-master\x64\debug\mycpp.tlog\link.14840-rc.read.1.tlog
c:\users\dudit\desktop\mysql-with-cpp-master\x64\debug\mycpp.tlog\link.14840-rc.write.1.tlog
c:\users\dudit\desktop\mysql-with-cpp-master\x64\debug\mycpp.tlog\link.14840.read.1.tlog
c:\users\dudit\desktop\mysql-with-cpp-master\x64\debug\mycpp.tlog\link.14840.write.1.tlog
c:\users\dudit\desktop\mysql-with-cpp-master\x64\debug\mycpp.tlog\link.command.1.tlog
c:\users\dudit\desktop\mysql-with-cpp-master\x64\debug\mycpp.tlog\link.read.1.tlog
c:\users\dudit\desktop\mysql-with-cpp-master\x64\debug\mycpp.tlog\link.write.1.tlog
